# JRE version: OpenJDK Runtime Environment (8.0_152-b01) (build 1.8.0_152-release-1248-b01)
# Java VM: OpenJDK 64-Bit Server VM (25.152-b01 mixed mode linux-amd64 compressed oops)
Heap:
 PSYoungGen      total 295424K, used 0K [0x00000000e0000000, 0x00000000f6800000, 0x0000000100000000)
  eden space 262144K, 0% used [0x00000000e0000000,0x00000000e0000000,0x00000000f0000000)
  from space 33280K, 0% used [0x00000000f2d00000,0x00000000f2d00000,0x00000000f4d80000)
  to   space 46080K, 0% used [0x00000000f0000000,0x00000000f0000000,0x00000000f2d00000)
 ParOldGen       total 89600K, used 74254K [0x00000000a0000000, 0x00000000a5780000, 0x00000000e0000000)
  object space 89600K, 82% used [0x00000000a0000000,0x00000000a4883860,0x00000000a5780000)
 Metaspace       used 77534K, capacity 80142K, committed 80408K, reserved 1120256K
  class space    used 9790K, capacity 10429K, committed 10536K, reserved 1048576K
GC Heap History (10 events):
Event: 46,027 GC heap after
Heap after GC invocations=23 (full 3):
 PSYoungGen      total 255488K, used 6465K [0x00000000e0000000, 0x00000000f0d00000, 0x0000000100000000)
  eden space 242688K, 0% used [0x00000000e0000000,0x00000000e0000000,0x00000000eed00000)
  from space 12800K, 50% used [0x00000000f0080000,0x00000000f06d0610,0x00000000f0d00000)
  to   space 16384K, 0% used [0x00000000eed00000,0x00000000eed00000,0x00000000efd00000)
 ParOldGen       total 89600K, used 34888K [0x00000000a0000000, 0x00000000a5780000, 0x00000000e0000000)
  object space 89600K, 38% used [0x00000000a0000000,0x00000000a2212370,0x00000000a5780000)
 Metaspace       used 63079K, capacity 64938K, committed 65176K, reserved 1105920K
  class space    used 8231K, capacity 8750K, committed 8872K, reserved 1048576K
}
Event: 61,584 GC heap before
{Heap before GC invocations=24 (full 3):
 PSYoungGen      total 255488K, used 249153K [0x00000000e0000000, 0x00000000f0d00000, 0x0000000100000000)
  eden space 242688K, 100% used [0x00000000e0000000,0x00000000eed00000,0x00000000eed00000)
  from space 12800K, 50% used [0x00000000f0080000,0x00000000f06d0610,0x00000000f0d00000)
  to   space 16384K, 0% used [0x00000000eed00000,0x00000000eed00000,0x00000000efd00000)
 ParOldGen       total 89600K, used 34888K [0x00000000a0000000, 0x00000000a5780000, 0x00000000e0000000)
  object space 89600K, 38% used [0x00000000a0000000,0x00000000a2212370,0x00000000a5780000)
 Metaspace       used 65163K, capacity 67112K, committed 67480K, reserved 1107968K
  class space    used 8505K, capacity 9009K, committed 9128K, reserved 1048576K
Event: 61,611 GC heap after
Heap after GC invocations=24 (full 3):
 PSYoungGen      total 259072K, used 11875K [0x00000000e0000000, 0x00000000f2200000, 0x0000000100000000)
  eden space 242688K, 0% used [0x00000000e0000000,0x00000000e0000000,0x00000000eed00000)
  from space 16384K, 72% used [0x00000000eed00000,0x00000000ef898fa8,0x00000000efd00000)
  to   space 16896K, 0% used [0x00000000f1180000,0x00000000f1180000,0x00000000f2200000)
 ParOldGen       total 89600K, used 34896K [0x00000000a0000000, 0x00000000a5780000, 0x00000000e0000000)
  object space 89600K, 38% used [0x00000000a0000000,0x00000000a2214370,0x00000000a5780000)
 Metaspace       used 65163K, capacity 67112K, committed 67480K, reserved 1107968K
  class space    used 8505K, capacity 9009K, committed 9128K, reserved 1048576K
}
Event: 87,203 GC heap before
{Heap before GC invocations=25 (full 3):
 PSYoungGen      total 259072K, used 254563K [0x00000000e0000000, 0x00000000f2200000, 0x0000000100000000)
  eden space 242688K, 100% used [0x00000000e0000000,0x00000000eed00000,0x00000000eed00000)
  from space 16384K, 72% used [0x00000000eed00000,0x00000000ef898fa8,0x00000000efd00000)
  to   space 16896K, 0% used [0x00000000f1180000,0x00000000f1180000,0x00000000f2200000)
 ParOldGen       total 89600K, used 34896K [0x00000000a0000000, 0x00000000a5780000, 0x00000000e0000000)
  object space 89600K, 38% used [0x00000000a0000000,0x00000000a2214370,0x00000000a5780000)
 Metaspace       used 66292K, capacity 68172K, committed 68248K, reserved 1107968K
  class space    used 8575K, capacity 9053K, committed 9128K, reserved 1048576K
Event: 87,225 GC heap after
Heap after GC invocations=25 (full 3):
 PSYoungGen      total 275456K, used 16870K [0x00000000e0000000, 0x00000000f2800000, 0x0000000100000000)
  eden space 258560K, 0% used [0x00000000e0000000,0x00000000e0000000,0x00000000efc80000)
  from space 16896K, 99% used [0x00000000f1180000,0x00000000f21f9970,0x00000000f2200000)
  to   space 21504K, 0% used [0x00000000efc80000,0x00000000efc80000,0x00000000f1180000)
 ParOldGen       total 89600K, used 39715K [0x00000000a0000000, 0x00000000a5780000, 0x00000000e0000000)
  object space 89600K, 44% used [0x00000000a0000000,0x00000000a26c8d80,0x00000000a5780000)
 Metaspace       used 66292K, capacity 68172K, committed 68248K, reserved 1107968K
  class space    used 8575K, capacity 9053K, committed 9128K, reserved 1048576K
}
Event: 133,232 GC heap before
{Heap before GC invocations=26 (full 3):
 PSYoungGen      total 275456K, used 275430K [0x00000000e0000000, 0x00000000f2800000, 0x0000000100000000)
  eden space 258560K, 100% used [0x00000000e0000000,0x00000000efc80000,0x00000000efc80000)
  from space 16896K, 99% used [0x00000000f1180000,0x00000000f21f9970,0x00000000f2200000)
  to   space 21504K, 0% used [0x00000000efc80000,0x00000000efc80000,0x00000000f1180000)
 ParOldGen       total 89600K, used 39715K [0x00000000a0000000, 0x00000000a5780000, 0x00000000e0000000)
  object space 89600K, 44% used [0x00000000a0000000,0x00000000a26c8d80,0x00000000a5780000)
 Metaspace       used 70368K, capacity 72678K, committed 72728K, reserved 1112064K
  class space    used 8925K, capacity 9495K, committed 9512K, reserved 1048576K
Event: 133,306 GC heap after
Heap after GC invocations=26 (full 3):
 PSYoungGen      total 280064K, used 21493K [0x00000000e0000000, 0x00000000f4d80000, 0x0000000100000000)
  eden space 258560K, 0% used [0x00000000e0000000,0x00000000e0000000,0x00000000efc80000)
  from space 21504K, 99% used [0x00000000efc80000,0x00000000f117d730,0x00000000f1180000)
  to   space 33280K, 0% used [0x00000000f2d00000,0x00000000f2d00000,0x00000000f4d80000)
 ParOldGen       total 89600K, used 62900K [0x00000000a0000000, 0x00000000a5780000, 0x00000000e0000000)
  object space 89600K, 70% used [0x00000000a0000000,0x00000000a3d6d078,0x00000000a5780000)
 Metaspace       used 70368K, capacity 72678K, committed 72728K, reserved 1112064K
  class space    used 8925K, capacity 9495K, committed 9512K, reserved 1048576K
}
Event: 151,173 GC heap before
{Heap before GC invocations=27 (full 3):
 PSYoungGen      total 280064K, used 280053K [0x00000000e0000000, 0x00000000f4d80000, 0x0000000100000000)
  eden space 258560K, 100% used [0x00000000e0000000,0x00000000efc80000,0x00000000efc80000)
  from space 21504K, 99% used [0x00000000efc80000,0x00000000f117d730,0x00000000f1180000)
  to   space 33280K, 0% used [0x00000000f2d00000,0x00000000f2d00000,0x00000000f4d80000)
 ParOldGen       total 89600K, used 62900K [0x00000000a0000000, 0x00000000a5780000, 0x00000000e0000000)
  object space 89600K, 70% used [0x00000000a0000000,0x00000000a3d6d078,0x00000000a5780000)
 Metaspace       used 77622K, capacity 80300K, committed 80408K, reserved 1120256K
  class space    used 9817K, capacity 10459K, committed 10536K, reserved 1048576K
Event: 151,260 GC heap after
Heap after GC invocations=27 (full 3):
 PSYoungGen      total 295424K, used 33279K [0x00000000e0000000, 0x00000000f6800000, 0x0000000100000000)
  eden space 262144K, 0% used [0x00000000e0000000,0x00000000e0000000,0x00000000f0000000)
  from space 33280K, 99% used [0x00000000f2d00000,0x00000000f4d7fc20,0x00000000f4d80000)
  to   space 46080K, 0% used [0x00000000f0000000,0x00000000f0000000,0x00000000f2d00000)
 ParOldGen       total 89600K, used 81538K [0x00000000a0000000, 0x00000000a5780000, 0x00000000e0000000)
  object space 89600K, 91% used [0x00000000a0000000,0x00000000a4fa08a0,0x00000000a5780000)
 Metaspace       used 77622K, capacity 80300K, committed 80408K, reserved 1120256K
  class space    used 9817K, capacity 10459K, committed 10536K, reserved 1048576K
}
Event: 151,261 GC heap before
{Heap before GC invocations=28 (full 4):
 PSYoungGen      total 295424K, used 33279K [0x00000000e0000000, 0x00000000f6800000, 0x0000000100000000)
  eden space 262144K, 0% used [0x00000000e0000000,0x00000000e0000000,0x00000000f0000000)
  from space 33280K, 99% used [0x00000000f2d00000,0x00000000f4d7fc20,0x00000000f4d80000)
  to   space 46080K, 0% used [0x00000000f0000000,0x00000000f0000000,0x00000000f2d00000)
 ParOldGen       total 89600K, used 81538K [0x00000000a0000000, 0x00000000a5780000, 0x00000000e0000000)
  object space 89600K, 91% used [0x00000000a0000000,0x00000000a4fa08a0,0x00000000a5780000)
 Metaspace       used 77622K, capacity 80300K, committed 80408K, reserved 1120256K
  class space    used 9817K, capacity 10459K, committed 10536K, reserved 1048576K

